2025/06/13 11:02:27 Language service started on :8083
2025/06/13 13:32:01 Language preference set to es
2025/06/13 13:32:01 Language preference set to es
2025/06/13 13:32:25 Language preference set to zh
2025/06/13 13:32:25 Language preference set to zh
2025/06/13 13:32:28 Language preference set to fr
2025/06/13 13:32:28 Language preference set to fr
2025/06/13 13:32:31 Language preference set to de
2025/06/13 13:32:31 Language preference set to de
2025/06/13 13:32:35 Language preference set to hi
2025/06/13 13:32:35 Language preference set to hi
2025/06/13 13:32:39 Language preference set to el
2025/06/13 13:32:39 Language preference set to el
2025/06/13 13:32:43 Language preference set to ru
2025/06/13 13:32:43 Language preference set to ru
2025/06/13 13:32:49 Language preference set to en
2025/06/13 13:32:49 Language preference set to en
2025/06/13 13:45:19 Language preference set to zh
2025/06/13 13:45:19 Language preference set to zh
2025/06/13 13:45:22 Language preference set to da
2025/06/13 13:45:22 Language preference set to da
2025/06/13 13:45:25 Language preference set to nl
2025/06/13 13:45:25 Language preference set to nl
2025/06/13 13:45:27 Language preference set to en
2025/06/13 13:45:27 Language preference set to en
2025/06/13 13:45:30 Language preference set to fr
2025/06/13 13:45:30 Language preference set to fr
2025/06/13 13:45:33 Language preference set to de
2025/06/13 13:45:33 Language preference set to de
2025/06/13 13:45:36 Language preference set to el
2025/06/13 13:45:36 Language preference set to el
2025/06/13 13:45:41 Language preference set to hi
2025/06/13 13:45:41 Language preference set to hi
2025/06/13 13:45:45 Language preference set to it
2025/06/13 13:45:45 Language preference set to it
2025/06/13 13:45:50 Language preference set to pt
2025/06/13 13:45:50 Language preference set to pt
2025/06/13 13:45:57 Language preference set to ja
2025/06/13 13:45:57 Language preference set to ja
2025/06/13 13:46:03 Language preference set to es
2025/06/13 13:46:03 Language preference set to es
