2025/06/09 12:49:42 Using database at: /Users/usuario/Documents/PROYECTOS/herobudgetflutter/hero_budget/backend/google_auth/users.db
2025/06/09 12:49:42 Database connection established successfully
2025/06/09 12:49:42 Expense Management service started on :8094
2025/06/09 12:50:51 Adding expense: UserID=3, Amount=100.00, Date=2025-03-13, Category=Sueldo, PaymentMethod=cash
2025/06/09 12:50:51 updateBalance called with userID: 3, amount: -100.00, paymentMethod: cash
2025/06/09 12:50:51 Found 1 records in balances table for user 3
2025/06/09 12:50:51 Updating existing balance with amount: -100.00 for method: cash
2025/06/09 12:50:51 Successfully updated balances table
2025/06/09 12:50:51 Processing cash_bank for month: 2025-06
2025/06/09 12:50:51 Record exists in cash_bank for user 3 and month 2025-06: true
2025/06/09 12:50:51 Current cash_bank values - cash: -275.00, bank: 20000.00, total: 19725.00
2025/06/09 12:50:51 Updated cash_bank values - cash: -375.00, bank: 20000.00, total: 19625.00
2025/06/09 12:50:51 Calculated cash_bank percentages - cash: -1.91%, bank: 101.91%
2025/06/09 12:50:51 Successfully updated cash_bank record
2025/06/09 12:50:51 Recording transaction - type: expense_cash, amount: -100.00
2025/06/09 12:50:51 Successfully recorded cash_bank_transaction
2025/06/09 12:50:51 updateBalance completed successfully
2025/06/09 12:50:51 Error updating daily balance: 12 values for 11 columns
2025/06/09 12:50:51 Error updating weekly balance: 14 values for 13 columns
2025/06/09 12:50:51 Error updating quarterly balance: table quarterly_balance has no column named start_date
2025/06/09 12:50:51 Error updating semiannual balance: table semiannual_balance has no column named start_date
2025/06/09 12:50:51 Error updating annual balance: 14 values for 11 columns
2025/06/09 12:51:49 Adding expense: UserID=3, Amount=50.00, Date=2025-06-09, Category=Sueldo, PaymentMethod=cash
2025/06/09 12:51:49 updateBalance called with userID: 3, amount: -50.00, paymentMethod: cash
2025/06/09 12:51:49 Found 1 records in balances table for user 3
2025/06/09 12:51:49 Updating existing balance with amount: -50.00 for method: cash
2025/06/09 12:51:49 Successfully updated balances table
2025/06/09 12:51:49 Processing cash_bank for month: 2025-06
2025/06/09 12:51:49 Record exists in cash_bank for user 3 and month 2025-06: true
2025/06/09 12:51:49 Current cash_bank values - cash: -375.00, bank: 20000.00, total: 19625.00
2025/06/09 12:51:49 Updated cash_bank values - cash: -425.00, bank: 20000.00, total: 19575.00
2025/06/09 12:51:49 Calculated cash_bank percentages - cash: -2.17%, bank: 102.17%
2025/06/09 12:51:49 Successfully updated cash_bank record
2025/06/09 12:51:49 Recording transaction - type: expense_cash, amount: -50.00
2025/06/09 12:51:49 Successfully recorded cash_bank_transaction
2025/06/09 12:51:49 updateBalance completed successfully
2025/06/09 12:51:49 Error updating daily balance: 12 values for 11 columns
2025/06/09 12:51:49 Error updating weekly balance: 14 values for 13 columns
2025/06/09 12:51:49 Error updating quarterly balance: table quarterly_balance has no column named start_date
2025/06/09 12:51:49 Error updating semiannual balance: table semiannual_balance has no column named start_date
2025/06/09 12:51:49 Error updating annual balance: 14 values for 11 columns
2025/06/09 12:58:04 Adding expense: UserID=3, Amount=100.00, Date=2025-04-11, Category=Sueldo, PaymentMethod=cash
2025/06/09 12:58:04 updateBalance called with userID: 3, amount: -100.00, paymentMethod: cash
2025/06/09 12:58:04 Found 1 records in balances table for user 3
2025/06/09 12:58:04 Updating existing balance with amount: -100.00 for method: cash
2025/06/09 12:58:04 Successfully updated balances table
2025/06/09 12:58:04 Processing cash_bank for month: 2025-06
2025/06/09 12:58:04 Record exists in cash_bank for user 3 and month 2025-06: true
2025/06/09 12:58:04 Current cash_bank values - cash: -425.00, bank: 20000.00, total: 19575.00
2025/06/09 12:58:04 Updated cash_bank values - cash: -525.00, bank: 20000.00, total: 19475.00
2025/06/09 12:58:04 Calculated cash_bank percentages - cash: -2.70%, bank: 102.70%
2025/06/09 12:58:04 Successfully updated cash_bank record
2025/06/09 12:58:04 Recording transaction - type: expense_cash, amount: -100.00
2025/06/09 12:58:04 Successfully recorded cash_bank_transaction
2025/06/09 12:58:04 updateBalance completed successfully
2025/06/09 12:58:04 Error updating daily balance: 12 values for 11 columns
2025/06/09 12:58:04 Error updating weekly balance: 14 values for 13 columns
2025/06/09 12:58:04 Error updating quarterly balance: table quarterly_balance has no column named start_date
2025/06/09 12:58:04 Error updating semiannual balance: table semiannual_balance has no column named start_date
2025/06/09 12:58:04 Error updating annual balance: 14 values for 11 columns
2025/06/09 12:58:17 Adding expense: UserID=3, Amount=50.00, Date=2025-06-09, Category=Sueldo, PaymentMethod=cash
2025/06/09 12:58:17 updateBalance called with userID: 3, amount: -50.00, paymentMethod: cash
2025/06/09 12:58:17 Found 1 records in balances table for user 3
2025/06/09 12:58:17 Updating existing balance with amount: -50.00 for method: cash
2025/06/09 12:58:17 Successfully updated balances table
2025/06/09 12:58:17 Processing cash_bank for month: 2025-06
2025/06/09 12:58:17 Record exists in cash_bank for user 3 and month 2025-06: true
2025/06/09 12:58:17 Current cash_bank values - cash: -525.00, bank: 20000.00, total: 19475.00
2025/06/09 12:58:17 Updated cash_bank values - cash: -575.00, bank: 20000.00, total: 19425.00
2025/06/09 12:58:17 Calculated cash_bank percentages - cash: -2.96%, bank: 102.96%
2025/06/09 12:58:17 Successfully updated cash_bank record
2025/06/09 12:58:17 Recording transaction - type: expense_cash, amount: -50.00
2025/06/09 12:58:17 Successfully recorded cash_bank_transaction
2025/06/09 12:58:17 updateBalance completed successfully
2025/06/09 12:58:17 Error updating daily balance: 12 values for 11 columns
2025/06/09 12:58:17 Error updating weekly balance: 14 values for 13 columns
2025/06/09 12:58:17 Error updating quarterly balance: table quarterly_balance has no column named start_date
2025/06/09 12:58:17 Error updating semiannual balance: table semiannual_balance has no column named start_date
2025/06/09 12:58:17 Error updating annual balance: 14 values for 11 columns
2025/06/09 13:06:57 Adding expense: UserID=2, Amount=100.00, Date=2025-02-15, Category=Test Category, PaymentMethod=bank
2025/06/09 13:06:57 updateBalance called with userID: 2, amount: -100.00, paymentMethod: bank
2025/06/09 13:06:57 Found 0 records in balances table for user 2
2025/06/09 13:06:57 Inserting new balance record with cash: 0.00, bank: -100.00
2025/06/09 13:06:57 Successfully updated balances table
2025/06/09 13:06:57 Processing cash_bank for month: 2025-06
2025/06/09 13:06:57 Record exists in cash_bank for user 2 and month 2025-06: false
2025/06/09 13:06:57 Creating new cash_bank record - cash: 0.00, bank: -100.00, total: -100.00
2025/06/09 13:06:57 Calculated cash_bank percentages for new record - cash: 0.00%, bank: 0.00%
2025/06/09 13:06:57 Successfully inserted new cash_bank record
2025/06/09 13:06:57 Recording transaction - type: expense_bank, amount: -100.00
2025/06/09 13:06:57 Successfully recorded cash_bank_transaction
2025/06/09 13:06:57 updateBalance completed successfully
2025/06/09 13:06:57 Error updating daily balance: 12 values for 11 columns
2025/06/09 13:06:57 Error updating weekly balance: 14 values for 13 columns
2025/06/09 13:06:57 Error updating quarterly balance: table quarterly_balance has no column named start_date
2025/06/09 13:06:57 Error updating semiannual balance: table semiannual_balance has no column named start_date
2025/06/09 13:06:57 Error updating annual balance: 14 values for 11 columns
2025/06/09 13:07:02 Adding expense: UserID=2, Amount=50.00, Date=2025-06-15, Category=Test Category, PaymentMethod=bank
2025/06/09 13:07:02 updateBalance called with userID: 2, amount: -50.00, paymentMethod: bank
2025/06/09 13:07:02 Found 1 records in balances table for user 2
2025/06/09 13:07:02 Updating existing balance with amount: -50.00 for method: bank
2025/06/09 13:07:02 Successfully updated balances table
2025/06/09 13:07:02 Processing cash_bank for month: 2025-06
2025/06/09 13:07:02 Record exists in cash_bank for user 2 and month 2025-06: true
2025/06/09 13:07:02 Current cash_bank values - cash: 0.00, bank: -100.00, total: -100.00
2025/06/09 13:07:02 Updated cash_bank values - cash: 0.00, bank: -150.00, total: -150.00
2025/06/09 13:07:02 Calculated cash_bank percentages - cash: 0.00%, bank: 0.00%
2025/06/09 13:07:02 Successfully updated cash_bank record
2025/06/09 13:07:02 Recording transaction - type: expense_bank, amount: -50.00
2025/06/09 13:07:02 Successfully recorded cash_bank_transaction
2025/06/09 13:07:02 updateBalance completed successfully
2025/06/09 13:07:02 Error updating daily balance: 12 values for 11 columns
2025/06/09 13:07:02 Error updating weekly balance: 14 values for 13 columns
2025/06/09 13:07:02 Error updating quarterly balance: table quarterly_balance has no column named start_date
2025/06/09 13:07:02 Error updating semiannual balance: table semiannual_balance has no column named start_date
2025/06/09 13:07:02 Error updating annual balance: 14 values for 11 columns
2025/06/09 13:08:11 Adding expense: UserID=2, Amount=25.00, Date=2025-03-15, Category=Test Category, PaymentMethod=bank
2025/06/09 13:08:11 updateBalance called with userID: 2, amount: -25.00, paymentMethod: bank
2025/06/09 13:08:11 Found 1 records in balances table for user 2
2025/06/09 13:08:11 Updating existing balance with amount: -25.00 for method: bank
2025/06/09 13:08:11 Successfully updated balances table
2025/06/09 13:08:11 Processing cash_bank for month: 2025-06
2025/06/09 13:08:11 Record exists in cash_bank for user 2 and month 2025-06: true
2025/06/09 13:08:11 Current cash_bank values - cash: 0.00, bank: -150.00, total: -150.00
2025/06/09 13:08:11 Updated cash_bank values - cash: 0.00, bank: -175.00, total: -175.00
2025/06/09 13:08:11 Calculated cash_bank percentages - cash: 0.00%, bank: 0.00%
2025/06/09 13:08:11 Successfully updated cash_bank record
2025/06/09 13:08:11 Recording transaction - type: expense_bank, amount: -25.00
2025/06/09 13:08:11 Successfully recorded cash_bank_transaction
2025/06/09 13:08:11 updateBalance completed successfully
2025/06/09 13:08:11 Error updating daily balance: 12 values for 11 columns
2025/06/09 13:08:11 Error updating weekly balance: 14 values for 13 columns
2025/06/09 13:08:11 Error updating quarterly balance: table quarterly_balance has no column named start_date
2025/06/09 13:08:11 Error updating semiannual balance: table semiannual_balance has no column named start_date
2025/06/09 13:08:11 Error updating annual balance: 14 values for 11 columns
2025/06/09 13:10:18 Adding expense: UserID=2, Amount=100.00, Date=2025-02-15, Category=test, PaymentMethod=bank
2025/06/09 13:10:18 updateBalance called with userID: 2, amount: -100.00, paymentMethod: bank
2025/06/09 13:10:18 Found 1 records in balances table for user 2
2025/06/09 13:10:18 Updating existing balance with amount: -100.00 for method: bank
2025/06/09 13:10:18 Successfully updated balances table
2025/06/09 13:10:18 Processing cash_bank for month: 2025-06
2025/06/09 13:10:18 Record exists in cash_bank for user 2 and month 2025-06: true
2025/06/09 13:10:18 Current cash_bank values - cash: 0.00, bank: -175.00, total: -175.00
2025/06/09 13:10:18 Updated cash_bank values - cash: 0.00, bank: -275.00, total: -275.00
2025/06/09 13:10:18 Calculated cash_bank percentages - cash: 0.00%, bank: 0.00%
2025/06/09 13:10:18 Successfully updated cash_bank record
2025/06/09 13:10:18 Recording transaction - type: expense_bank, amount: -100.00
2025/06/09 13:10:18 Successfully recorded cash_bank_transaction
2025/06/09 13:10:18 updateBalance completed successfully
2025/06/09 13:10:18 Error updating daily balance: 12 values for 11 columns
2025/06/09 13:10:18 Error updating weekly balance: 14 values for 13 columns
2025/06/09 13:10:18 Error updating quarterly balance: table quarterly_balance has no column named start_date
2025/06/09 13:10:18 Error updating semiannual balance: table semiannual_balance has no column named start_date
2025/06/09 13:10:18 Error updating annual balance: 14 values for 11 columns
2025/06/09 13:10:24 Adding expense: UserID=2, Amount=50.00, Date=2025-06-15, Category=test, PaymentMethod=bank
2025/06/09 13:10:24 updateBalance called with userID: 2, amount: -50.00, paymentMethod: bank
2025/06/09 13:10:24 Found 1 records in balances table for user 2
2025/06/09 13:10:24 Updating existing balance with amount: -50.00 for method: bank
2025/06/09 13:10:24 Successfully updated balances table
2025/06/09 13:10:24 Processing cash_bank for month: 2025-06
2025/06/09 13:10:24 Record exists in cash_bank for user 2 and month 2025-06: true
2025/06/09 13:10:24 Current cash_bank values - cash: 0.00, bank: -275.00, total: -275.00
2025/06/09 13:10:24 Updated cash_bank values - cash: 0.00, bank: -325.00, total: -325.00
2025/06/09 13:10:24 Calculated cash_bank percentages - cash: 0.00%, bank: 0.00%
2025/06/09 13:10:24 Successfully updated cash_bank record
2025/06/09 13:10:24 Recording transaction - type: expense_bank, amount: -50.00
2025/06/09 13:10:24 Successfully recorded cash_bank_transaction
2025/06/09 13:10:24 updateBalance completed successfully
2025/06/09 13:10:24 Error updating daily balance: 12 values for 11 columns
2025/06/09 13:10:24 Error updating weekly balance: 14 values for 13 columns
2025/06/09 13:10:24 Error updating quarterly balance: table quarterly_balance has no column named start_date
2025/06/09 13:10:24 Error updating semiannual balance: table semiannual_balance has no column named start_date
2025/06/09 13:10:24 Error updating annual balance: 14 values for 11 columns
2025/06/09 13:17:20 Adding expense: UserID=test_user, Amount=100.00, Date=2024-02-15, Category=Test Category, PaymentMethod=bank
2025/06/09 13:17:20 updateBalance called with userID: test_user, amount: -100.00, paymentMethod: bank
2025/06/09 13:17:20 Found 0 records in balances table for user test_user
2025/06/09 13:17:20 Inserting new balance record with cash: 0.00, bank: -100.00
2025/06/09 13:17:20 Successfully updated balances table
2025/06/09 13:17:20 Processing cash_bank for month: 2025-06
2025/06/09 13:17:20 Record exists in cash_bank for user test_user and month 2025-06: false
2025/06/09 13:17:20 Creating new cash_bank record - cash: 0.00, bank: -100.00, total: -100.00
2025/06/09 13:17:20 Calculated cash_bank percentages for new record - cash: 0.00%, bank: 0.00%
2025/06/09 13:17:20 Successfully inserted new cash_bank record
2025/06/09 13:17:20 Recording transaction - type: expense_bank, amount: -100.00
2025/06/09 13:17:20 Successfully recorded cash_bank_transaction
2025/06/09 13:17:20 updateBalance completed successfully
2025/06/09 13:17:20 Error updating daily balance: 12 values for 11 columns
2025/06/09 13:17:20 Error updating weekly balance: 14 values for 13 columns
2025/06/09 13:17:20 Error updating quarterly balance: table quarterly_balance has no column named start_date
2025/06/09 13:17:20 Error updating semiannual balance: table semiannual_balance has no column named start_date
2025/06/09 13:17:20 Error updating annual balance: 14 values for 11 columns
2025/06/09 13:17:27 Adding expense: UserID=test_user, Amount=50.00, Date=2024-06-15, Category=Test Category, PaymentMethod=bank
2025/06/09 13:17:27 updateBalance called with userID: test_user, amount: -50.00, paymentMethod: bank
2025/06/09 13:17:27 Found 1 records in balances table for user test_user
2025/06/09 13:17:27 Updating existing balance with amount: -50.00 for method: bank
2025/06/09 13:17:27 Successfully updated balances table
2025/06/09 13:17:27 Processing cash_bank for month: 2025-06
2025/06/09 13:17:27 Record exists in cash_bank for user test_user and month 2025-06: true
2025/06/09 13:17:27 Current cash_bank values - cash: 0.00, bank: -100.00, total: -100.00
2025/06/09 13:17:27 Updated cash_bank values - cash: 0.00, bank: -150.00, total: -150.00
2025/06/09 13:17:27 Calculated cash_bank percentages - cash: 0.00%, bank: 0.00%
2025/06/09 13:17:27 Successfully updated cash_bank record
2025/06/09 13:17:27 Recording transaction - type: expense_bank, amount: -50.00
2025/06/09 13:17:27 Successfully recorded cash_bank_transaction
2025/06/09 13:17:27 updateBalance completed successfully
2025/06/09 13:17:27 Error updating daily balance: 12 values for 11 columns
2025/06/09 13:17:27 Error updating weekly balance: 14 values for 13 columns
2025/06/09 13:17:27 Error updating quarterly balance: table quarterly_balance has no column named start_date
2025/06/09 13:17:27 Error updating semiannual balance: table semiannual_balance has no column named start_date
2025/06/09 13:17:27 Error updating annual balance: 14 values for 11 columns
2025/06/09 13:19:38 Adding expense: UserID=3, Amount=100.00, Date=2025-06-09, Category=Sueldo, PaymentMethod=cash
2025/06/09 13:19:38 updateBalance called with userID: 3, amount: -100.00, paymentMethod: cash
2025/06/09 13:19:38 Found 1 records in balances table for user 3
2025/06/09 13:19:38 Updating existing balance with amount: -100.00 for method: cash
2025/06/09 13:19:38 Successfully updated balances table
2025/06/09 13:19:38 Processing cash_bank for month: 2025-06
2025/06/09 13:19:38 Record exists in cash_bank for user 3 and month 2025-06: true
2025/06/09 13:19:38 Current cash_bank values - cash: -575.00, bank: 20000.00, total: 19425.00
2025/06/09 13:19:38 Updated cash_bank values - cash: -675.00, bank: 20000.00, total: 19325.00
2025/06/09 13:19:38 Calculated cash_bank percentages - cash: -3.49%, bank: 103.49%
2025/06/09 13:19:38 Successfully updated cash_bank record
2025/06/09 13:19:38 Recording transaction - type: expense_cash, amount: -100.00
2025/06/09 13:19:38 Successfully recorded cash_bank_transaction
2025/06/09 13:19:38 updateBalance completed successfully
2025/06/09 13:19:38 Error updating daily balance: 12 values for 11 columns
2025/06/09 13:19:38 Error updating weekly balance: 14 values for 13 columns
2025/06/09 13:19:38 Error updating quarterly balance: table quarterly_balance has no column named start_date
2025/06/09 13:19:38 Error updating semiannual balance: table semiannual_balance has no column named start_date
2025/06/09 13:19:38 Error updating annual balance: 14 values for 11 columns
2025/06/09 13:20:08 Adding expense: UserID=3, Amount=25.00, Date=2025-02-14, Category=Sueldo, PaymentMethod=cash
2025/06/09 13:20:08 updateBalance called with userID: 3, amount: -25.00, paymentMethod: cash
2025/06/09 13:20:08 Found 1 records in balances table for user 3
2025/06/09 13:20:08 Updating existing balance with amount: -25.00 for method: cash
2025/06/09 13:20:08 Successfully updated balances table
2025/06/09 13:20:08 Processing cash_bank for month: 2025-06
2025/06/09 13:20:08 Record exists in cash_bank for user 3 and month 2025-06: true
2025/06/09 13:20:08 Current cash_bank values - cash: -675.00, bank: 20000.00, total: 19325.00
2025/06/09 13:20:08 Updated cash_bank values - cash: -700.00, bank: 20000.00, total: 19300.00
2025/06/09 13:20:08 Calculated cash_bank percentages - cash: -3.63%, bank: 103.63%
2025/06/09 13:20:08 Successfully updated cash_bank record
2025/06/09 13:20:08 Recording transaction - type: expense_cash, amount: -25.00
2025/06/09 13:20:08 Successfully recorded cash_bank_transaction
2025/06/09 13:20:08 updateBalance completed successfully
2025/06/09 13:20:08 Error updating daily balance: 12 values for 11 columns
2025/06/09 13:20:08 Error updating weekly balance: 14 values for 13 columns
2025/06/09 13:20:08 Error updating quarterly balance: table quarterly_balance has no column named start_date
2025/06/09 13:20:08 Error updating semiannual balance: table semiannual_balance has no column named start_date
2025/06/09 13:20:08 Error updating annual balance: 14 values for 11 columns
2025/06/09 13:23:05 Adding expense: UserID=3, Amount=40.00, Date=2025-02-15, Category=Sueldo, PaymentMethod=cash
2025/06/09 13:23:05 updateBalance called with userID: 3, amount: -40.00, paymentMethod: cash
2025/06/09 13:23:05 Found 1 records in balances table for user 3
2025/06/09 13:23:05 Updating existing balance with amount: -40.00 for method: cash
2025/06/09 13:23:05 Successfully updated balances table
2025/06/09 13:23:05 Processing cash_bank for month: 2025-06
2025/06/09 13:23:05 Record exists in cash_bank for user 3 and month 2025-06: true
2025/06/09 13:23:05 Current cash_bank values - cash: -700.00, bank: 20000.00, total: 19300.00
2025/06/09 13:23:05 Updated cash_bank values - cash: -740.00, bank: 20000.00, total: 19260.00
2025/06/09 13:23:05 Calculated cash_bank percentages - cash: -3.84%, bank: 103.84%
2025/06/09 13:23:05 Successfully updated cash_bank record
2025/06/09 13:23:05 Recording transaction - type: expense_cash, amount: -40.00
2025/06/09 13:23:05 Successfully recorded cash_bank_transaction
2025/06/09 13:23:05 updateBalance completed successfully
2025/06/09 13:23:05 Error updating daily balance: 12 values for 11 columns
2025/06/09 13:23:05 Error updating weekly balance: 14 values for 13 columns
2025/06/09 13:23:05 Error updating quarterly balance: table quarterly_balance has no column named start_date
2025/06/09 13:23:05 Error updating semiannual balance: table semiannual_balance has no column named start_date
2025/06/09 13:23:05 Error updating annual balance: 14 values for 11 columns
2025/06/09 13:28:01 Adding expense: UserID=test_user, Amount=100.00, Date=2024-02-15, Category=Test Category, PaymentMethod=bank
2025/06/09 13:28:01 updateBalance called with userID: test_user, amount: -100.00, paymentMethod: bank
2025/06/09 13:28:01 Found 1 records in balances table for user test_user
2025/06/09 13:28:01 Updating existing balance with amount: -100.00 for method: bank
2025/06/09 13:28:01 Successfully updated balances table
2025/06/09 13:28:01 Processing cash_bank for month: 2025-06
2025/06/09 13:28:01 Record exists in cash_bank for user test_user and month 2025-06: true
2025/06/09 13:28:01 Current cash_bank values - cash: 0.00, bank: -150.00, total: -150.00
2025/06/09 13:28:01 Updated cash_bank values - cash: 0.00, bank: -250.00, total: -250.00
2025/06/09 13:28:01 Calculated cash_bank percentages - cash: 0.00%, bank: 0.00%
2025/06/09 13:28:01 Successfully updated cash_bank record
2025/06/09 13:28:01 Recording transaction - type: expense_bank, amount: -100.00
2025/06/09 13:28:01 Successfully recorded cash_bank_transaction
2025/06/09 13:28:01 updateBalance completed successfully
2025/06/09 13:28:01 Error updating daily balance: 12 values for 11 columns
2025/06/09 13:28:01 Error updating weekly balance: 14 values for 13 columns
2025/06/09 13:28:01 Error updating quarterly balance: table quarterly_balance has no column named start_date
2025/06/09 13:28:01 Error updating semiannual balance: table semiannual_balance has no column named start_date
2025/06/09 13:28:01 Error updating annual balance: 14 values for 11 columns
2025/06/09 13:28:08 Adding expense: UserID=test_user, Amount=50.00, Date=2024-06-15, Category=Test Category, PaymentMethod=bank
2025/06/09 13:28:08 updateBalance called with userID: test_user, amount: -50.00, paymentMethod: bank
2025/06/09 13:28:08 Found 1 records in balances table for user test_user
2025/06/09 13:28:08 Updating existing balance with amount: -50.00 for method: bank
2025/06/09 13:28:08 Successfully updated balances table
2025/06/09 13:28:08 Processing cash_bank for month: 2025-06
2025/06/09 13:28:08 Record exists in cash_bank for user test_user and month 2025-06: true
2025/06/09 13:28:08 Current cash_bank values - cash: 0.00, bank: -250.00, total: -250.00
2025/06/09 13:28:08 Updated cash_bank values - cash: 0.00, bank: -300.00, total: -300.00
2025/06/09 13:28:08 Calculated cash_bank percentages - cash: 0.00%, bank: 0.00%
2025/06/09 13:28:08 Successfully updated cash_bank record
2025/06/09 13:28:08 Recording transaction - type: expense_bank, amount: -50.00
2025/06/09 13:28:08 Successfully recorded cash_bank_transaction
2025/06/09 13:28:08 updateBalance completed successfully
2025/06/09 13:28:08 Error updating daily balance: 12 values for 11 columns
2025/06/09 13:28:08 Error updating weekly balance: 14 values for 13 columns
2025/06/09 13:28:08 Error updating quarterly balance: table quarterly_balance has no column named start_date
2025/06/09 13:28:08 Error updating semiannual balance: table semiannual_balance has no column named start_date
2025/06/09 13:28:08 Error updating annual balance: 14 values for 11 columns
2025/06/09 13:29:06 Adding expense: UserID=test_user, Amount=100.00, Date=2024-02-15, Category=Test Category, PaymentMethod=bank
2025/06/09 13:29:06 updateBalance called with userID: test_user, amount: -100.00, paymentMethod: bank
2025/06/09 13:29:06 Found 1 records in balances table for user test_user
2025/06/09 13:29:06 Updating existing balance with amount: -100.00 for method: bank
2025/06/09 13:29:06 Successfully updated balances table
2025/06/09 13:29:06 Processing cash_bank for month: 2025-06
2025/06/09 13:29:06 Record exists in cash_bank for user test_user and month 2025-06: true
2025/06/09 13:29:06 Current cash_bank values - cash: 0.00, bank: -300.00, total: -300.00
2025/06/09 13:29:06 Updated cash_bank values - cash: 0.00, bank: -400.00, total: -400.00
2025/06/09 13:29:06 Calculated cash_bank percentages - cash: 0.00%, bank: 0.00%
2025/06/09 13:29:06 Successfully updated cash_bank record
2025/06/09 13:29:06 Recording transaction - type: expense_bank, amount: -100.00
2025/06/09 13:29:06 Successfully recorded cash_bank_transaction
2025/06/09 13:29:06 updateBalance completed successfully
2025/06/09 13:29:06 Error updating daily balance: 12 values for 11 columns
2025/06/09 13:29:06 Error updating weekly balance: 14 values for 13 columns
2025/06/09 13:29:06 Error updating quarterly balance: table quarterly_balance has no column named start_date
2025/06/09 13:29:06 Error updating semiannual balance: table semiannual_balance has no column named start_date
2025/06/09 13:29:06 Error updating annual balance: 14 values for 11 columns
2025/06/09 13:29:11 Adding expense: UserID=test_user, Amount=50.00, Date=2024-06-15, Category=Test Category, PaymentMethod=bank
2025/06/09 13:29:11 updateBalance called with userID: test_user, amount: -50.00, paymentMethod: bank
2025/06/09 13:29:11 Found 1 records in balances table for user test_user
2025/06/09 13:29:11 Updating existing balance with amount: -50.00 for method: bank
2025/06/09 13:29:11 Successfully updated balances table
2025/06/09 13:29:11 Processing cash_bank for month: 2025-06
2025/06/09 13:29:11 Record exists in cash_bank for user test_user and month 2025-06: true
2025/06/09 13:29:11 Current cash_bank values - cash: 0.00, bank: -400.00, total: -400.00
2025/06/09 13:29:11 Updated cash_bank values - cash: 0.00, bank: -450.00, total: -450.00
2025/06/09 13:29:11 Calculated cash_bank percentages - cash: 0.00%, bank: 0.00%
2025/06/09 13:29:11 Successfully updated cash_bank record
2025/06/09 13:29:11 Recording transaction - type: expense_bank, amount: -50.00
2025/06/09 13:29:11 Successfully recorded cash_bank_transaction
2025/06/09 13:29:11 updateBalance completed successfully
2025/06/09 13:29:11 Error updating daily balance: 12 values for 11 columns
2025/06/09 13:29:11 Error updating weekly balance: 14 values for 13 columns
2025/06/09 13:29:11 Error updating quarterly balance: table quarterly_balance has no column named start_date
2025/06/09 13:29:11 Error updating semiannual balance: table semiannual_balance has no column named start_date
2025/06/09 13:29:11 Error updating annual balance: 14 values for 11 columns
2025/06/09 13:30:53 Adding expense: UserID=3, Amount=100.00, Date=2025-02-21, Category=Sueldo, PaymentMethod=cash
2025/06/09 13:30:53 updateBalance called with userID: 3, amount: -100.00, paymentMethod: cash
2025/06/09 13:30:53 Found 1 records in balances table for user 3
2025/06/09 13:30:53 Updating existing balance with amount: -100.00 for method: cash
2025/06/09 13:30:53 Successfully updated balances table
2025/06/09 13:30:53 Processing cash_bank for month: 2025-06
2025/06/09 13:30:53 Record exists in cash_bank for user 3 and month 2025-06: true
2025/06/09 13:30:53 Current cash_bank values - cash: -740.00, bank: 20000.00, total: 19260.00
2025/06/09 13:30:53 Updated cash_bank values - cash: -840.00, bank: 20000.00, total: 19160.00
2025/06/09 13:30:53 Calculated cash_bank percentages - cash: -4.38%, bank: 104.38%
2025/06/09 13:30:53 Successfully updated cash_bank record
2025/06/09 13:30:53 Recording transaction - type: expense_cash, amount: -100.00
2025/06/09 13:30:53 Successfully recorded cash_bank_transaction
2025/06/09 13:30:53 updateBalance completed successfully
2025/06/09 13:30:53 Error updating daily balance: 12 values for 11 columns
2025/06/09 13:30:53 Error updating weekly balance: 14 values for 13 columns
2025/06/09 13:30:53 Error updating quarterly balance: table quarterly_balance has no column named start_date
2025/06/09 13:30:53 Error updating semiannual balance: table semiannual_balance has no column named start_date
2025/06/09 13:30:53 Error updating annual balance: 14 values for 11 columns
2025/06/09 13:31:14 Adding expense: UserID=3, Amount=50.00, Date=2025-06-09, Category=Sueldo, PaymentMethod=cash
2025/06/09 13:31:14 updateBalance called with userID: 3, amount: -50.00, paymentMethod: cash
2025/06/09 13:31:14 Found 1 records in balances table for user 3
2025/06/09 13:31:14 Updating existing balance with amount: -50.00 for method: cash
2025/06/09 13:31:14 Successfully updated balances table
2025/06/09 13:31:14 Processing cash_bank for month: 2025-06
2025/06/09 13:31:14 Record exists in cash_bank for user 3 and month 2025-06: true
2025/06/09 13:31:14 Current cash_bank values - cash: -840.00, bank: 20000.00, total: 19160.00
2025/06/09 13:31:14 Updated cash_bank values - cash: -890.00, bank: 20000.00, total: 19110.00
2025/06/09 13:31:14 Calculated cash_bank percentages - cash: -4.66%, bank: 104.66%
2025/06/09 13:31:14 Successfully updated cash_bank record
2025/06/09 13:31:14 Recording transaction - type: expense_cash, amount: -50.00
2025/06/09 13:31:14 Successfully recorded cash_bank_transaction
2025/06/09 13:31:14 updateBalance completed successfully
2025/06/09 13:31:14 Error updating daily balance: 12 values for 11 columns
2025/06/09 13:31:14 Error updating weekly balance: 14 values for 13 columns
2025/06/09 13:31:14 Error updating quarterly balance: table quarterly_balance has no column named start_date
2025/06/09 13:31:14 Error updating semiannual balance: table semiannual_balance has no column named start_date
2025/06/09 13:31:14 Error updating annual balance: 14 values for 11 columns
2025/06/09 13:33:52 Adding expense: UserID=test_user, Amount=100.00, Date=2024-02-15, Category=Test Category, PaymentMethod=bank
2025/06/09 13:33:52 updateBalance called with userID: test_user, amount: -100.00, paymentMethod: bank
2025/06/09 13:33:52 Found 1 records in balances table for user test_user
2025/06/09 13:33:52 Updating existing balance with amount: -100.00 for method: bank
2025/06/09 13:33:52 Successfully updated balances table
2025/06/09 13:33:52 Processing cash_bank for month: 2025-06
2025/06/09 13:33:52 Record exists in cash_bank for user test_user and month 2025-06: true
2025/06/09 13:33:52 Current cash_bank values - cash: 0.00, bank: -450.00, total: -450.00
2025/06/09 13:33:52 Updated cash_bank values - cash: 0.00, bank: -550.00, total: -550.00
2025/06/09 13:33:52 Calculated cash_bank percentages - cash: 0.00%, bank: 0.00%
2025/06/09 13:33:52 Successfully updated cash_bank record
2025/06/09 13:33:52 Recording transaction - type: expense_bank, amount: -100.00
2025/06/09 13:33:52 Successfully recorded cash_bank_transaction
2025/06/09 13:33:52 updateBalance completed successfully
2025/06/09 13:33:52 Error updating daily balance: 12 values for 11 columns
2025/06/09 13:33:52 Error updating weekly balance: 14 values for 13 columns
2025/06/09 13:33:52 Error updating quarterly balance: table quarterly_balance has no column named start_date
2025/06/09 13:33:52 Error updating semiannual balance: table semiannual_balance has no column named start_date
2025/06/09 13:33:52 Error updating annual balance: 14 values for 11 columns
2025/06/09 13:33:57 Adding expense: UserID=test_user, Amount=50.00, Date=2024-06-15, Category=Test Category, PaymentMethod=bank
2025/06/09 13:33:57 updateBalance called with userID: test_user, amount: -50.00, paymentMethod: bank
2025/06/09 13:33:57 Found 1 records in balances table for user test_user
2025/06/09 13:33:57 Updating existing balance with amount: -50.00 for method: bank
2025/06/09 13:33:57 Successfully updated balances table
2025/06/09 13:33:57 Processing cash_bank for month: 2025-06
2025/06/09 13:33:57 Record exists in cash_bank for user test_user and month 2025-06: true
2025/06/09 13:33:57 Current cash_bank values - cash: 0.00, bank: -550.00, total: -550.00
2025/06/09 13:33:57 Updated cash_bank values - cash: 0.00, bank: -600.00, total: -600.00
2025/06/09 13:33:57 Calculated cash_bank percentages - cash: 0.00%, bank: 0.00%
2025/06/09 13:33:57 Successfully updated cash_bank record
2025/06/09 13:33:57 Recording transaction - type: expense_bank, amount: -50.00
2025/06/09 13:33:57 Successfully recorded cash_bank_transaction
2025/06/09 13:33:57 updateBalance completed successfully
2025/06/09 13:33:57 Error updating daily balance: 12 values for 11 columns
2025/06/09 13:33:57 Error updating weekly balance: 14 values for 13 columns
2025/06/09 13:33:57 Error updating quarterly balance: table quarterly_balance has no column named start_date
2025/06/09 13:33:57 Error updating semiannual balance: table semiannual_balance has no column named start_date
2025/06/09 13:33:57 Error updating annual balance: 14 values for 11 columns
2025/06/09 13:37:48 Adding expense: UserID=3, Amount=50.00, Date=2025-06-09, Category=Sueldo, PaymentMethod=cash
2025/06/09 13:37:48 updateBalance called with userID: 3, amount: -50.00, paymentMethod: cash
2025/06/09 13:37:48 Found 1 records in balances table for user 3
2025/06/09 13:37:48 Updating existing balance with amount: -50.00 for method: cash
2025/06/09 13:37:48 Successfully updated balances table
2025/06/09 13:37:48 Processing cash_bank for month: 2025-06
2025/06/09 13:37:48 Record exists in cash_bank for user 3 and month 2025-06: true
2025/06/09 13:37:48 Current cash_bank values - cash: -890.00, bank: 20000.00, total: 19110.00
2025/06/09 13:37:48 Updated cash_bank values - cash: -940.00, bank: 20000.00, total: 19060.00
2025/06/09 13:37:48 Calculated cash_bank percentages - cash: -4.93%, bank: 104.93%
2025/06/09 13:37:48 Successfully updated cash_bank record
2025/06/09 13:37:48 Recording transaction - type: expense_cash, amount: -50.00
2025/06/09 13:37:48 Successfully recorded cash_bank_transaction
2025/06/09 13:37:48 updateBalance completed successfully
2025/06/09 13:37:48 Error updating daily balance: 12 values for 11 columns
2025/06/09 13:37:48 Error updating weekly balance: 14 values for 13 columns
2025/06/09 13:37:48 Error updating quarterly balance: table quarterly_balance has no column named start_date
2025/06/09 13:37:48 Error updating semiannual balance: table semiannual_balance has no column named start_date
2025/06/09 13:37:48 Error updating annual balance: 14 values for 11 columns
2025/06/09 13:38:03 Adding expense: UserID=3, Amount=100.00, Date=2025-02-13, Category=Sueldo, PaymentMethod=cash
2025/06/09 13:38:03 updateBalance called with userID: 3, amount: -100.00, paymentMethod: cash
2025/06/09 13:38:03 Found 1 records in balances table for user 3
2025/06/09 13:38:03 Updating existing balance with amount: -100.00 for method: cash
2025/06/09 13:38:03 Successfully updated balances table
2025/06/09 13:38:03 Processing cash_bank for month: 2025-06
2025/06/09 13:38:03 Record exists in cash_bank for user 3 and month 2025-06: true
2025/06/09 13:38:03 Current cash_bank values - cash: -940.00, bank: 20000.00, total: 19060.00
2025/06/09 13:38:03 Updated cash_bank values - cash: -1040.00, bank: 20000.00, total: 18960.00
2025/06/09 13:38:03 Calculated cash_bank percentages - cash: -5.49%, bank: 105.49%
2025/06/09 13:38:03 Successfully updated cash_bank record
2025/06/09 13:38:03 Recording transaction - type: expense_cash, amount: -100.00
2025/06/09 13:38:03 Successfully recorded cash_bank_transaction
2025/06/09 13:38:03 updateBalance completed successfully
2025/06/09 13:38:03 Error updating daily balance: 12 values for 11 columns
2025/06/09 13:38:03 Error updating weekly balance: 14 values for 13 columns
2025/06/09 13:38:03 Error updating quarterly balance: table quarterly_balance has no column named start_date
2025/06/09 13:38:03 Error updating semiannual balance: table semiannual_balance has no column named start_date
2025/06/09 13:38:03 Error updating annual balance: 14 values for 11 columns
2025/06/09 13:38:15 Adding expense: UserID=3, Amount=25.00, Date=2025-03-08, Category=Sueldo, PaymentMethod=cash
2025/06/09 13:38:15 updateBalance called with userID: 3, amount: -25.00, paymentMethod: cash
2025/06/09 13:38:15 Found 1 records in balances table for user 3
2025/06/09 13:38:15 Updating existing balance with amount: -25.00 for method: cash
2025/06/09 13:38:15 Successfully updated balances table
2025/06/09 13:38:15 Processing cash_bank for month: 2025-06
2025/06/09 13:38:15 Record exists in cash_bank for user 3 and month 2025-06: true
2025/06/09 13:38:15 Current cash_bank values - cash: -1040.00, bank: 20000.00, total: 18960.00
2025/06/09 13:38:15 Updated cash_bank values - cash: -1065.00, bank: 20000.00, total: 18935.00
2025/06/09 13:38:15 Calculated cash_bank percentages - cash: -5.62%, bank: 105.62%
2025/06/09 13:38:15 Successfully updated cash_bank record
2025/06/09 13:38:15 Recording transaction - type: expense_cash, amount: -25.00
2025/06/09 13:38:15 Successfully recorded cash_bank_transaction
2025/06/09 13:38:15 updateBalance completed successfully
2025/06/09 13:38:15 Error updating daily balance: 12 values for 11 columns
2025/06/09 13:38:15 Error updating weekly balance: 14 values for 13 columns
2025/06/09 13:38:15 Error updating quarterly balance: table quarterly_balance has no column named start_date
2025/06/09 13:38:15 Error updating semiannual balance: table semiannual_balance has no column named start_date
2025/06/09 13:38:15 Error updating annual balance: 14 values for 11 columns
