2025/06/13 11:02:29 Using database at: /Users/usuario/Documents/PROYECTOS/herobudgetflutter/hero_budget/backend/google_auth/users.db
2025/06/13 11:02:29 Database connection established successfully
2025/06/13 11:02:29 Profile Management service started on :8092
2025/06/13 16:15:58 Updating locale for user ID: 3
2025/06/13 16:15:58 Locale updated successfully for user ID: 3
2025/06/13 16:16:27 DELETE ACCOUNT: Iniciando eliminación completa para usuario ID: 3
2025/06/13 16:16:27 DELETE ACCOUNT: Usuario encontrado: jaimevillalcon@hotmail.com (3)
2025/06/13 16:16:27 DELETE ACCOUNT: Eliminados 3 registros de tabla categories
2025/06/13 16:16:27 DELETE ACCOUNT: Eliminados 31 registros de tabla cash_bank_transactions
2025/06/13 16:16:27 DELETE ACCOUNT: Eliminados 1 registros de tabla cash_bank
2025/06/13 16:16:27 DELETE ACCOUNT: Eliminados 0 registros de tabla daily_balance
2025/06/13 16:16:27 DELETE ACCOUNT: Eliminados 0 registros de tabla weekly_balance
2025/06/13 16:16:27 DELETE ACCOUNT: Eliminados 0 registros de tabla monthly_balance
2025/06/13 16:16:27 DELETE ACCOUNT: Eliminados 5 registros de tabla daily_cash_bank_balance
2025/06/13 16:16:27 DELETE ACCOUNT: Eliminados 4 registros de tabla weekly_cash_bank_balance
2025/06/13 16:16:27 DELETE ACCOUNT: Eliminados 13 registros de tabla monthly_cash_bank_balance
2025/06/13 16:16:27 DELETE ACCOUNT: Eliminados 2 registros de tabla bills
2025/06/13 16:16:27 DELETE ACCOUNT: Eliminados 8 registros de tabla expenses
2025/06/13 16:16:27 DELETE ACCOUNT: Eliminados 0 registros de tabla incomes
2025/06/13 16:16:27 DELETE ACCOUNT: Eliminados 0 registros de tabla savings
2025/06/13 16:16:27 DELETE ACCOUNT: Eliminados 1 registros de tabla balances
2025/06/13 16:16:27 DELETE ACCOUNT: Eliminados 1 registros de tabla users
2025/06/13 16:16:27 DELETE ACCOUNT: Eliminación completa exitosa para usuario jaimevillalcon@hotmail.com (3)
2025/06/13 16:25:35 Updating profile for user ID: 123
2025/06/13 16:25:35 User not found: 123
2025/06/13 16:25:35 Updating profile for user ID: 123
2025/06/13 16:25:35 User not found: 123
2025/06/13 16:25:35 TEST IMAGE UPDATE: Recibida solicitud para usuario ID: 123
2025/06/13 16:25:35 TEST IMAGE UPDATE: Tamaño de imagen recibida: 118 bytes
2025/06/13 16:25:35 TEST IMAGE UPDATE: Usuario no encontrado: sql: no rows in result set
2025/06/13 16:27:00 DELETE ACCOUNT: Iniciando eliminación completa para usuario ID: 6
2025/06/13 16:27:00 DELETE ACCOUNT: Usuario encontrado: jaimevillalcon@hotmail.com (6)
2025/06/13 16:27:00 DELETE ACCOUNT: Eliminados 0 registros de tabla categories
2025/06/13 16:27:00 DELETE ACCOUNT: Eliminados 0 registros de tabla cash_bank_transactions
2025/06/13 16:27:00 DELETE ACCOUNT: Eliminados 0 registros de tabla cash_bank
2025/06/13 16:27:00 DELETE ACCOUNT: Eliminados 0 registros de tabla daily_balance
2025/06/13 16:27:00 DELETE ACCOUNT: Eliminados 0 registros de tabla weekly_balance
2025/06/13 16:27:00 DELETE ACCOUNT: Eliminados 0 registros de tabla monthly_balance
2025/06/13 16:27:00 DELETE ACCOUNT: Eliminados 0 registros de tabla daily_cash_bank_balance
2025/06/13 16:27:00 DELETE ACCOUNT: Eliminados 0 registros de tabla weekly_cash_bank_balance
2025/06/13 16:27:00 DELETE ACCOUNT: Eliminados 0 registros de tabla monthly_cash_bank_balance
2025/06/13 16:27:00 DELETE ACCOUNT: Eliminados 0 registros de tabla bills
2025/06/13 16:27:00 DELETE ACCOUNT: Eliminados 0 registros de tabla expenses
2025/06/13 16:27:00 DELETE ACCOUNT: Eliminados 0 registros de tabla incomes
2025/06/13 16:27:00 DELETE ACCOUNT: Eliminados 0 registros de tabla savings
2025/06/13 16:27:00 DELETE ACCOUNT: Eliminados 0 registros de tabla balances
2025/06/13 16:27:00 DELETE ACCOUNT: Eliminados 1 registros de tabla users
2025/06/13 16:27:00 DELETE ACCOUNT: Eliminación completa exitosa para usuario jaimevillalcon@hotmail.com (6)
2025/06/13 16:31:03 DELETE ACCOUNT: Iniciando eliminación completa para usuario ID: 7
2025/06/13 16:31:03 DELETE ACCOUNT: Usuario no encontrado: sql: Scan error on column index 3, name "name": converting NULL to string is unsupported
